\BOOKMARK [0][-]{chapter.1}{\376\377\000G\000r\000a\000v\000i\000t\000a\000t\000i\000o\000n\000a\000l\000\040\000W\000a\000v\000e\000s\000\040\000T\000h\000e\000o\000r\000y}{}% 1
\BOOKMARK [1][-]{section.1.1}{\376\377\000T\000h\000e\000\040\000F\000l\000a\000t\000\040\000S\000p\000a\000c\000e\000t\000i\000m\000e}{chapter.1}% 2
\BOOKMARK [1][-]{section.1.2}{\376\377\000G\000r\000a\000v\000i\000t\000a\000t\000i\000o\000n\000a\000l\000\040\000W\000a\000v\000e\000s\000\040\000a\000s\000\040\000P\000e\000r\000t\000u\000r\000b\000a\000t\000i\000o\000n\000s}{chapter.1}% 3
\BOOKMARK [2][-]{subsection.1.2.1}{\376\377\000H\000a\000r\000m\000o\000n\000i\000c\000\040\000g\000a\000u\000g\000e}{section.1.2}% 4
\BOOKMARK [2][-]{subsection.1.2.2}{\376\377\000T\000h\000e\000\040\000T\000T\000\040\000g\000a\000u\000g\000e}{section.1.2}% 5
\BOOKMARK [1][-]{section.1.3}{\376\377\000M\000o\000t\000i\000o\000n\000\040\000a\000n\000d\000\040\000g\000e\000o\000d\000e\000s\000i\000c\000s}{chapter.1}% 6
\BOOKMARK [2][-]{subsection.1.3.1}{\376\377\000T\000h\000e\000\040\000m\000o\000t\000i\000o\000n\000\040\000d\000e\000v\000i\000a\000t\000i\000o\000n}{section.1.3}% 7
\BOOKMARK [2][-]{subsection.1.3.2}{\376\377\000T\000h\000e\000\040\000g\000e\000o\000d\000e\000s\000i\000c\000\040\000d\000e\000v\000i\000a\000t\000i\000o\000n}{section.1.3}% 8
\BOOKMARK [1][-]{section.1.4}{\376\377\000T\000h\000e\000\040\000Q\000u\000a\000d\000r\000u\000p\000o\000l\000e\000\040\000A\000p\000p\000r\000o\000x\000i\000m\000a\000t\000i\000o\000n}{chapter.1}% 9
\BOOKMARK [2][-]{subsection.1.4.1}{\376\377\000T\000h\000e\000\040\000w\000e\000a\000k\000-\000f\000i\000e\000l\000d\000,\000\040\000s\000l\000o\000w\000-\000m\000o\000t\000i\000o\000n\000\040\000a\000p\000p\000r\000o\000x\000i\000m\000a\000t\000i\000o\000n}{section.1.4}% 10
\BOOKMARK [2][-]{subsection.1.4.2}{\376\377\000T\000h\000e\000\040\000q\000u\000a\000d\000r\000u\000p\000o\000l\000e\000\040\000f\000o\000r\000m\000u\000l\000a}{section.1.4}% 11
\BOOKMARK [2][-]{subsection.1.4.3}{\376\377\000T\000r\000a\000n\000s\000f\000o\000r\000m\000\040\000t\000o\000\040\000t\000h\000e\000\040\000T\000T\000\040\000g\000a\000u\000g\000e}{section.1.4}% 12
\BOOKMARK [1][-]{section.1.5}{\376\377\000G\000r\000a\000v\000i\000t\000a\000t\000i\000o\000n\000a\000l\000\040\000w\000a\000v\000e\000s\000\040\000f\000r\000o\000m\000\040\000a\000\040\000b\000i\000n\000a\000r\000y\000\040\000s\000y\000s\000t\000e\000m}{chapter.1}% 13
\BOOKMARK [2][-]{subsection.1.5.1}{\376\377\000G\000e\000n\000e\000r\000a\000l\000\040\000s\000o\000l\000u\000t\000i\000o\000n\000\040\000f\000o\000r\000\040\000c\000i\000r\000c\000u\000l\000a\000r\000\040\000o\000r\000b\000i\000t\000s}{section.1.5}% 14
\BOOKMARK [1][-]{section.1.6}{\376\377\000E\000n\000e\000r\000g\000y\000\040\000c\000a\000r\000r\000i\000e\000d\000\040\000b\000y\000\040\000a\000\040\000g\000r\000a\000v\000i\000t\000a\000t\000i\000o\000n\000a\000l\000\040\000w\000a\000v\000e}{chapter.1}% 15
\BOOKMARK [2][-]{subsection.1.6.1}{\376\377\000S\000t\000r\000e\000s\000s\000-\000e\000n\000e\000r\000g\000y\000\040\000p\000s\000e\000u\000d\000o\000-\000t\000e\000n\000s\000o\000r}{section.1.6}% 16
\BOOKMARK [2][-]{subsection.1.6.2}{\376\377\000G\000r\000a\000v\000i\000t\000a\000t\000i\000o\000n\000a\000l\000\040\000w\000a\000v\000e\000\040\000l\000u\000m\000i\000n\000o\000s\000i\000t\000y}{section.1.6}% 17
\BOOKMARK [1][-]{section.1.7}{\376\377\000E\000v\000o\000l\000u\000t\000i\000o\000n\000\040\000o\000f\000\040\000a\000\040\000c\000o\000m\000p\000a\000c\000t\000\040\000b\000i\000n\000a\000r\000y\000\040\000s\000y\000s\000t\000e\000m}{chapter.1}% 18
\BOOKMARK [2][-]{subsection.1.7.1}{\376\377\000S\000i\000g\000n\000a\000l\000\040\000f\000r\000o\000m\000\040\000i\000n\000s\000p\000i\000r\000a\000l\000l\000i\000n\000g\000\040\000c\000o\000m\000p\000a\000c\000t\000\040\000o\000b\000j\000e\000c\000t\000s}{section.1.7}% 19
\BOOKMARK [2][-]{subsection.1.7.2}{\376\377\000A\000S\000D\000\040\000a\000n\000d\000\040\000m\000u\000l\000t\000i\000p\000l\000e\000\040\000s\000o\000u\000r\000c\000e\000s}{section.1.7}% 20
\BOOKMARK [0][-]{chapter.2}{\376\377\000L\000I\000S\000A}{}% 21
\BOOKMARK [1][-]{section.2.1}{\376\377\000i\000n\000t\000e\000r\000f\000e\000r\000o\000m\000e\000t\000e\000r\000s}{chapter.2}% 22
\BOOKMARK [0][-]{chapter.3}{\376\377\000C\000O\000S\000M\000I\000C\000\040\000a\000n\000d\000\040\000S\000t\000e\000l\000l\000a\000r\000\040\000P\000o\000p\000u\000l\000a\000t\000i\000o\000n\000s\000\040\000S\000y\000n\000t\000h\000e\000s\000i\000s}{}% 23
\BOOKMARK [0][-]{chapter.4}{\376\377\000G\000W\000G\000C\000\040\000a\000n\000d\000\040\000G\000a\000l\000a\000x\000y\000\040\000P\000r\000o\000p\000e\000r\000i\000e\000s}{}% 24
\BOOKMARK [0][-]{chapter.5}{\376\377\000T\000o\000t\000a\000l\000\040\000G\000r\000a\000v\000i\000t\000a\000t\000i\000o\000n\000a\000l\000\040\000W\000a\000v\000e\000\040\000S\000i\000g\000n\000a\000l}{}% 25
\BOOKMARK [0][-]{chapter.6}{\376\377\000R\000e\000s\000u\000l\000t\000s}{}% 26
\BOOKMARK [0][-]{chapter.7}{\376\377\000C\000o\000n\000c\000l\000u\000s\000i\000o\000n\000s\000\040\000a\000n\000d\000\040\000F\000u\000t\000u\000r\000e\000\040\000P\000e\000r\000s\000p\000e\000c\000t\000i\000v\000e\000s}{}% 27
\BOOKMARK [0][-]{appendix.A}{\376\377\000A\000p\000p\000e\000n\000d\000i\000x}{}% 28
